<?xml version="1.0" encoding="UTF-8" ?>
<testsuite errors="0" failures="5" hostname="student-vm" name="testy.UzytkownikTest" tests="11" time="0.012" timestamp="2012-01-10T18:07:20">
  <properties>
[...]
</properties>
  <testcase classname="testy.UzytkownikTest" name="testUzytkownik" time="0.0" />
  <testcase classname="testy.UzytkownikTest" name="testCzyscGry" time="0.0" />
  <testcase classname="testy.UzytkownikTest" name="testDodajGre" time="0.0020">
    <failure message="expected:&lt;0&gt; but was:&lt;3&gt;" type="junit.framework.AssertionFailedError">junit.framework.AssertionFailedError: expected:&lt;0&gt; but was:&lt;3&gt;
	at testy.UzytkownikTest.testDodajGre(UzytkownikTest.java:73)
	at org.eclipse.ant.internal.launching.remote.EclipseDefaultExecutor.executeTargets(EclipseDefaultExecutor.java:32)
	at org.eclipse.ant.internal.launching.remote.InternalAntRunner.run(InternalAntRunner.java:424)
	at org.eclipse.ant.internal.launching.remote.InternalAntRunner.main(InternalAntRunner.java:138)
</failure>
  </testcase>
  <testcase classname="testy.UzytkownikTest" name="testSzukajGraString" time="0.0020">
    <failure message="expected:&lt;[DOOM]&gt; but was:&lt;[LIMBO]&gt;" type="junit.framework.AssertionFailedError">junit.framework.AssertionFailedError: expected:&lt;[DOOM]&gt; but was:&lt;[LIMBO]&gt;
	at testy.UzytkownikTest.testSzukajGraString(UzytkownikTest.java:88)
	at org.eclipse.ant.internal.launching.remote.EclipseDefaultExecutor.executeTargets(EclipseDefaultExecutor.java:32)
	at org.eclipse.ant.internal.launching.remote.InternalAntRunner.run(InternalAntRunner.java:424)
	at org.eclipse.ant.internal.launching.remote.InternalAntRunner.main(InternalAntRunner.java:138)
</failure>
  </testcase>
  <testcase classname="testy.UzytkownikTest" name="testSzukajGraInt" time="0.0010">
    <failure type="junit.framework.AssertionFailedError">junit.framework.AssertionFailedError
	at testy.UzytkownikTest.testSzukajGraInt(UzytkownikTest.java:101)
	at org.eclipse.ant.internal.launching.remote.EclipseDefaultExecutor.executeTargets(EclipseDefaultExecutor.java:32)
	at org.eclipse.ant.internal.launching.remote.InternalAntRunner.run(InternalAntRunner.java:424)
	at org.eclipse.ant.internal.launching.remote.InternalAntRunner.main(InternalAntRunner.java:138)
</failure>
  </testcase>
  <testcase classname="testy.UzytkownikTest" name="testSzukajGier" time="0.0010">
    <failure type="junit.framework.AssertionFailedError">junit.framework.AssertionFailedError
	at testy.UzytkownikTest.testSzukajGier(UzytkownikTest.java:119)
	at org.eclipse.ant.internal.launching.remote.EclipseDefaultExecutor.executeTargets(EclipseDefaultExecutor.java:32)
	at org.eclipse.ant.internal.launching.remote.InternalAntRunner.run(InternalAntRunner.java:424)
	at org.eclipse.ant.internal.launching.remote.InternalAntRunner.main(InternalAntRunner.java:138)
</failure>
  </testcase>
  <testcase classname="testy.UzytkownikTest" name="testUsunGry" time="0.0010">
    <failure type="junit.framework.AssertionFailedError">junit.framework.AssertionFailedError
	at testy.UzytkownikTest.testUsunGry(UzytkownikTest.java:139)
	at org.eclipse.ant.internal.launching.remote.EclipseDefaultExecutor.executeTargets(EclipseDefaultExecutor.java:32)
	at org.eclipse.ant.internal.launching.remote.InternalAntRunner.run(InternalAntRunner.java:424)
	at org.eclipse.ant.internal.launching.remote.InternalAntRunner.main(InternalAntRunner.java:138)
</failure>
  </testcase>
  <testcase classname="testy.UzytkownikTest" name="testSetImie" time="0.0" />
  <testcase classname="testy.UzytkownikTest" name="testSetNazwisko" time="0.0" />
  <testcase classname="testy.UzytkownikTest" name="testSetKsywa" time="0.0" />
  <testcase classname="testy.UzytkownikTest" name="testSetTelfon" time="0.0" />
  <system-out><![CDATA[ID Gry:3, Tytul: LIMBO , Platforma: PC
ID Gry:4, Tytul: DOOM , Platforma: PC
------------------------------------------------------------

***************************************************************------------------------------------------------------------
ID Gry:3, Tytul: LIMBO , Platforma: PC
ID Gry:4, Tytul: DOOM , Platforma: PC
------------------------------------------------------------
ID Gry:3, Tytul: LIMBO , Platforma: PC
ID Gry:4, Tytul: DOOM , Platforma: PC
ID Gry:5, Tytul: Wipeout , Platforma: PSX
------------------------------------------------------------
Dane personalne to: Imie: Marian, Nazwisko: Rasta, Ksywa: Rastamarian, Telefon: 7777777
------------------------------------------------------------
]]></system-out>
  <system-err><![CDATA[]]></system-err>
</testsuite>
